# JRE version: Java(TM) SE Runtime Environment (19.0.2+7) (build 19.0.2+7-44)
# Java VM: Java HotSpot(TM) 64-Bit Server VM (19.0.2+7-44, mixed mode, sharing, tiered, compressed oops, compressed class ptrs, g1 gc, windows-amd64)
GC Precious Log:
 CardTable entry size: 512
 Card Set container configuration: InlinePtr #cards 5 size 8 Array Of Cards #cards 12 size 40 Howl #buckets 4 coarsen threshold 1843 Howl Bitmap #cards 512 size 80 coarsen threshold 460 Card regions per heap region 1 cards per card region 2048
 CPUs: 4 total, 4 available
 Memory: 8092M
 Large Page Support: Disabled
 NUMA Support: Disabled
 Compressed Oops: Enabled (32-bit)
 Heap Region Size: 1M
 Heap Min Capacity: 8M
 Heap Initial Capacity: 128M
 Heap Max Capacity: 2024M
 Pre-touch: Disabled
 Parallel Workers: 4
 Concurrent Workers: 1
 Concurrent Refinement Workers: 4
 Periodic GC: Disabled
Heap:
 garbage-first heap   total 51200K, used 35358K [0x0000000081800000, 0x0000000100000000)
  region size 1024K, 16 young (16384K), 3 survivors (3072K)
 Metaspace       used 54310K, committed 54848K, reserved 1114112K
  class space    used 6874K, committed 7104K, reserved 1048576K
GC Heap History (20 events):
Event: 4.359 GC heap before
{Heap before GC invocations=3 (full 0):
 garbage-first heap   total 131072K, used 43981K [0x0000000081800000, 0x0000000100000000)
  region size 1024K, 38 young (38912K), 4 survivors (4096K)
 Metaspace       used 21146K, committed 21504K, reserved 1114112K
  class space    used 2487K, committed 2688K, reserved 1048576K
}
Event: 4.378 GC heap after
{Heap after GC invocations=4 (full 0):
 garbage-first heap   total 131072K, used 13601K [0x0000000081800000, 0x0000000100000000)
  region size 1024K, 7 young (7168K), 7 survivors (7168K)
 Metaspace       used 21146K, committed 21504K, reserved 1114112K
  class space    used 2487K, committed 2688K, reserved 1048576K
}
Event: 5.612 GC heap before
{Heap before GC invocations=5 (full 0):
 garbage-first heap   total 51200K, used 37153K [0x0000000081800000, 0x0000000100000000)
  region size 1024K, 30 young (30720K), 7 survivors (7168K)
 Metaspace       used 25068K, committed 25472K, reserved 1114112K
  class space    used 3078K, committed 3264K, reserved 1048576K
}
Event: 5.640 GC heap after
{Heap after GC invocations=6 (full 0):
 garbage-first heap   total 51200K, used 16239K [0x0000000081800000, 0x0000000100000000)
  region size 1024K, 3 young (3072K), 3 survivors (3072K)
 Metaspace       used 25068K, committed 25472K, reserved 1114112K
  class space    used 3078K, committed 3264K, reserved 1048576K
}
Event: 5.688 GC heap before
{Heap before GC invocations=6 (full 0):
 garbage-first heap   total 51200K, used 17263K [0x0000000081800000, 0x0000000100000000)
  region size 1024K, 4 young (4096K), 3 survivors (3072K)
 Metaspace       used 25412K, committed 25856K, reserved 1114112K
  class space    used 3118K, committed 3328K, reserved 1048576K
}
Event: 5.698 GC heap after
{Heap after GC invocations=7 (full 0):
 garbage-first heap   total 51200K, used 16452K [0x0000000081800000, 0x0000000100000000)
  region size 1024K, 1 young (1024K), 1 survivors (1024K)
 Metaspace       used 25412K, committed 25856K, reserved 1114112K
  class space    used 3118K, committed 3328K, reserved 1048576K
}
Event: 6.811 GC heap before
{Heap before GC invocations=7 (full 0):
 garbage-first heap   total 51200K, used 34884K [0x0000000081800000, 0x0000000100000000)
  region size 1024K, 20 young (20480K), 1 survivors (1024K)
 Metaspace       used 29902K, committed 30336K, reserved 1114112K
  class space    used 3638K, committed 3840K, reserved 1048576K
}
Event: 6.817 GC heap after
{Heap after GC invocations=8 (full 0):
 garbage-first heap   total 51200K, used 17409K [0x0000000081800000, 0x0000000100000000)
  region size 1024K, 2 young (2048K), 2 survivors (2048K)
 Metaspace       used 29902K, committed 30336K, reserved 1114112K
  class space    used 3638K, committed 3840K, reserved 1048576K
}
Event: 7.805 GC heap before
{Heap before GC invocations=8 (full 0):
 garbage-first heap   total 51200K, used 35841K [0x0000000081800000, 0x0000000100000000)
  region size 1024K, 21 young (21504K), 2 survivors (2048K)
 Metaspace       used 34910K, committed 35392K, reserved 1114112K
  class space    used 4422K, committed 4608K, reserved 1048576K
}
Event: 7.811 GC heap after
{Heap after GC invocations=9 (full 0):
 garbage-first heap   total 51200K, used 18326K [0x0000000081800000, 0x0000000100000000)
  region size 1024K, 3 young (3072K), 3 survivors (3072K)
 Metaspace       used 34910K, committed 35392K, reserved 1114112K
  class space    used 4422K, committed 4608K, reserved 1048576K
}
Event: 7.944 GC heap before
{Heap before GC invocations=9 (full 0):
 garbage-first heap   total 51200K, used 20374K [0x0000000081800000, 0x0000000100000000)
  region size 1024K, 6 young (6144K), 3 survivors (3072K)
 Metaspace       used 35531K, committed 35968K, reserved 1114112K
  class space    used 4523K, committed 4736K, reserved 1048576K
}
Event: 7.948 GC heap after
{Heap after GC invocations=10 (full 0):
 garbage-first heap   total 51200K, used 18631K [0x0000000081800000, 0x0000000100000000)
  region size 1024K, 2 young (2048K), 2 survivors (2048K)
 Metaspace       used 35531K, committed 35968K, reserved 1114112K
  class space    used 4523K, committed 4736K, reserved 1048576K
}
Event: 8.859 GC heap before
{Heap before GC invocations=11 (full 0):
 garbage-first heap   total 51200K, used 38087K [0x0000000081800000, 0x0000000100000000)
  region size 1024K, 22 young (22528K), 2 survivors (2048K)
 Metaspace       used 42195K, committed 42752K, reserved 1114112K
  class space    used 5326K, committed 5568K, reserved 1048576K
}
Event: 8.865 GC heap after
{Heap after GC invocations=12 (full 0):
 garbage-first heap   total 51200K, used 20023K [0x0000000081800000, 0x0000000100000000)
  region size 1024K, 3 young (3072K), 3 survivors (3072K)
 Metaspace       used 42195K, committed 42752K, reserved 1114112K
  class space    used 5326K, committed 5568K, reserved 1048576K
}
Event: 8.888 GC heap before
{Heap before GC invocations=12 (full 0):
 garbage-first heap   total 51200K, used 20023K [0x0000000081800000, 0x0000000100000000)
  region size 1024K, 4 young (4096K), 3 survivors (3072K)
 Metaspace       used 42206K, committed 42752K, reserved 1114112K
  class space    used 5326K, committed 5568K, reserved 1048576K
}
Event: 8.894 GC heap after
{Heap after GC invocations=13 (full 0):
 garbage-first heap   total 51200K, used 19908K [0x0000000081800000, 0x0000000100000000)
  region size 1024K, 1 young (1024K), 1 survivors (1024K)
 Metaspace       used 42206K, committed 42752K, reserved 1114112K
  class space    used 5326K, committed 5568K, reserved 1048576K
}
Event: 9.643 GC heap before
{Heap before GC invocations=13 (full 0):
 garbage-first heap   total 51200K, used 38340K [0x0000000081800000, 0x0000000100000000)
  region size 1024K, 20 young (20480K), 1 survivors (1024K)
 Metaspace       used 47653K, committed 48256K, reserved 1114112K
  class space    used 6114K, committed 6400K, reserved 1048576K
}
Event: 9.649 GC heap after
{Heap after GC invocations=14 (full 0):
 garbage-first heap   total 51200K, used 21033K [0x0000000081800000, 0x0000000100000000)
  region size 1024K, 2 young (2048K), 2 survivors (2048K)
 Metaspace       used 47653K, committed 48256K, reserved 1114112K
  class space    used 6114K, committed 6400K, reserved 1048576K
}
Event: 10.390 GC heap before
{Heap before GC invocations=14 (full 0):
 garbage-first heap   total 51200K, used 39465K [0x0000000081800000, 0x0000000100000000)
  region size 1024K, 20 young (20480K), 2 survivors (2048K)
 Metaspace       used 50363K, committed 50944K, reserved 1114112K
  class space    used 6433K, committed 6720K, reserved 1048576K
}
Event: 10.399 GC heap after
{Heap after GC invocations=15 (full 0):
 garbage-first heap   total 51200K, used 23070K [0x0000000081800000, 0x0000000100000000)
  region size 1024K, 3 young (3072K), 3 survivors (3072K)
 Metaspace       used 50363K, committed 50944K, reserved 1114112K
  class space    used 6433K, committed 6720K, reserved 1048576K
}

